Base path: C:/Program Files (x86)/Unity/Editor/Data
Pipe name: \\.\pipe\UnityShaderCompiler-1-2936
Cmd: getPlatforms
Cmd: preprocess
  insize=1853 outsize=991 ok=1
Cmd: compileSnippet
  api=1 type=0 insize=1164 outsize=202 kw=SOFTPARTICLES_OFF ok=1
Cmd: compileSnippet
  api=1 type=1 insize=1164 outsize=143 kw=SOFTPARTICLES_OFF ok=1
Cmd: preprocess
  insize=2351 outsize=1059 ok=1
Cmd: compileSnippet
  api=1 type=0 insize=1594 outsize=171 kw=SOFTPARTICLES_OFF ok=1
Cmd: compileSnippet
  api=1 type=1 insize=1594 outsize=208 kw=SOFTPARTICLES_OFF ok=1
Cmd: preprocess
  insize=782 outsize=782 ok=1
Cmd: preprocess
  insize=1016 outsize=1330 ok=1
Cmd: compileSnippet
  api=1 type=0 insize=4828 outsize=630 kw=DIRECTIONAL SHADOWS_OFF LIGHTMAP_OFF DIRLIGHTMAP_OFF ok=1
Cmd: compileSnippet
  api=1 type=1 insize=4828 outsize=427 kw=DIRECTIONAL SHADOWS_OFF LIGHTMAP_OFF DIRLIGHTMAP_OFF ok=1
Cmd: compileSnippet
  api=1 type=0 insize=2804 outsize=418 kw=POINT ok=1
Cmd: compileSnippet
  api=1 type=1 insize=2804 outsize=560 kw=POINT ok=1
Cmd: compileSnippet
  api=1 type=0 insize=2219 outsize=190 kw= ok=1
Cmd: compileSnippet
  api=1 type=1 insize=2219 outsize=118 kw= ok=1
Cmd: compileSnippet
  api=1 type=0 insize=4545 outsize=674 kw=LIGHTMAP_OFF DIRLIGHTMAP_OFF HDR_LIGHT_PREPASS_OFF ok=1
Cmd: compileSnippet
  api=1 type=1 insize=4545 outsize=394 kw=LIGHTMAP_OFF DIRLIGHTMAP_OFF HDR_LIGHT_PREPASS_OFF ok=1
Cmd: compileSnippet
  api=1 type=0 insize=2804 outsize=288 kw=DIRECTIONAL ok=1
Cmd: compileSnippet
  api=1 type=1 insize=2804 outsize=425 kw=DIRECTIONAL ok=1
